make all --dry-run --always-make --keep-going --print-directory
make: Entering directory `/Users/aarcelia/42cursus/minishell'
gcc -D LENCHECK='entry->d_namlen == len && ' -Wall -Werror -Wextra -g3  -I./inc/ -c src/bultins.c -o  bin/obj/bultins.o
 
gcc -D LENCHECK='entry->d_namlen == len && ' -Wall -Werror -Wextra -g3  -I./inc/ -c src/envp_operations.c -o  bin/obj/envp_operations.o
gcc -D LENCHECK='entry->d_namlen == len && ' -Wall -Werror -Wextra -g3  -I./inc/ -c src/executor.c -o  bin/obj/executor.o
gcc -D LENCHECK='entry->d_namlen == len && ' -Wall -Werror -Wextra -g3  -I./inc/ -c src/exit_helper.c -o  bin/obj/exit_helper.o
gcc -D LENCHECK='entry->d_namlen == len && ' -Wall -Werror -Wextra -g3  -I./inc/ -c src/expander.c -o  bin/obj/expander.o
gcc -D LENCHECK='entry->d_namlen == len && ' -Wall -Werror -Wextra -g3  -I./inc/ -c src/lexer.c -o  bin/obj/lexer.o
gcc -D LENCHECK='entry->d_namlen == len && ' -Wall -Werror -Wextra -g3  -I./inc/ -c src/main.c -o  bin/obj/main.o
gcc -D LENCHECK='entry->d_namlen == len && ' -Wall -Werror -Wextra -g3  -I./inc/ -c src/minishell_gnl.c -o  bin/obj/minishell_gnl.o
gcc -D LENCHECK='entry->d_namlen == len && ' -Wall -Werror -Wextra -g3  -I./inc/ -c src/term_gnl.c -o  bin/obj/term_gnl.o
gcc -D LENCHECK='entry->d_namlen == len && ' -Wall -Werror -Wextra -g3  -I./inc/ -c src/term_main_fun.c -o  bin/obj/term_main_fun.o
gcc -D LENCHECK='entry->d_namlen == len && ' -Wall -Werror -Wextra -g3  -I./inc/ -c src/term_strjoin_for_line.c -o  bin/obj/term_strjoin_for_line.o
gcc -D LENCHECK='entry->d_namlen == len && ' -Wall -Werror -Wextra -g3  -I./inc/ -c src/term_strjoin_for_mas.c -o  bin/obj/term_strjoin_for_mas.o
 
gcc -D LENCHECK='entry->d_namlen == len && ' -Wall -Werror -Wextra -g3  -I./inc/ -c src/term_up_down_fun.c -o  bin/obj/term_up_down_fun.o
gcc -D LENCHECK='entry->d_namlen == len && ' -Wall -Werror -Wextra -g3  -I./inc/ -c src/term_work_with_file.c -o  bin/obj/term_work_with_file.o
gcc -D LENCHECK='entry->d_namlen == len && ' -Wall -Werror -Wextra -g3  -I./inc/ -c src/work_with_term.c -o  bin/obj/work_with_term.o
/Applications/Xcode.app/Contents/Developer/usr/bin/make -j 6 -C ./libft/
 
make[1]: Entering directory `/Users/aarcelia/42cursus/minishell/libft'
gcc -Wall -Werror -Wextra -g -I ../inc/. -c ft_atoi.c -o ft_atoi.o
 
gcc -Wall -Werror -Wextra -g -I ../inc/. -c ft_isprint.c -o ft_isprint.o
gcc -Wall -Werror -Wextra -g -I ../inc/. -c ft_lstlast.c -o ft_lstlast.o
gcc -Wall -Werror -Wextra -g -I ../inc/. -c ft_memcpy.c -o ft_memcpy.o
gcc -Wall -Werror -Wextra -g -I ../inc/. -c ft_split.c -o ft_split.o
 
gcc -Wall -Werror -Wextra -g -I ../inc/. -c ft_nputnbr_fd.c -o ft_nputnbr_fd.o
gcc -Wall -Werror -Wextra -g -I ../inc/. -c ft_strmapi.c -o ft_strmapi.o
gcc -Wall -Werror -Wextra -g -I ../inc/. -c ft_toupper.c -o ft_toupper.o
gcc -Wall -Werror -Wextra -g -I ../inc/. -c ft_bzero.c -o ft_bzero.o
gcc -Wall -Werror -Wextra -g -I ../inc/. -c ft_itoa.c -o ft_itoa.o
gcc -Wall -Werror -Wextra -g -I ../inc/. -c ft_lstmap.c -o ft_lstmap.o
gcc -Wall -Werror -Wextra -g -I ../inc/. -c ft_putstrr_fd.c -o ft_putstrr_fd.o
gcc -Wall -Werror -Wextra -g -I ../inc/. -c ft_memmove.c -o ft_memmove.o
gcc -Wall -Werror -Wextra -g -I ../inc/. -c ft_strchr.c -o ft_strchr.o
gcc -Wall -Werror -Wextra -g -I ../inc/. -c ft_strncmp.c -o ft_strncmp.o
gcc -Wall -Werror -Wextra -g -I ../inc/. -c ft_calloc.c -o ft_calloc.o
gcc -Wall -Werror -Wextra -g -I ../inc/. -c ft_strnstrchr.c -o ft_strnstrchr.o
gcc -Wall -Werror -Wextra -g -I ../inc/. -c ft_tointarr.c -o ft_tointarr.o
gcc -Wall -Werror -Wextra -g -I ../inc/. -c ft_lstadd_back.c -o ft_lstadd_back.o
gcc -Wall -Werror -Wextra -g -I ../inc/. -c ft_lstnew.c -o ft_lstnew.o
gcc -Wall -Werror -Wextra -g -I ../inc/. -c ft_memset.c -o ft_memset.o
gcc -Wall -Werror -Wextra -g -I ../inc/. -c ft_strdup.c -o ft_strdup.o
gcc -Wall -Werror -Wextra -g -I ../inc/. -c ft_strnstr.c -o ft_strnstr.o
gcc -Wall -Werror -Wextra -g -I ../inc/. -c ft_isspace.c -o ft_isspace.o
gcc -Wall -Werror -Wextra -g -I ../inc/. -c ft_isalnum.c -o ft_isalnum.o
gcc -Wall -Werror -Wextra -g -I ../inc/. -c ft_lstadd_front.c -o ft_lstadd_front.o
gcc -Wall -Werror -Wextra -g -I ../inc/. -c ft_lstsize.c -o ft_lstsize.o
gcc -Wall -Werror -Wextra -g -I ../inc/. -c ft_putchar_fd.c -o ft_putchar_fd.o
gcc -Wall -Werror -Wextra -g -I ../inc/. -c ft_putnchar.c -o ft_putnchar.o
gcc -Wall -Werror -Wextra -g -I ../inc/. -c ft_strjoin.c -o ft_strjoin.o
gcc -Wall -Werror -Wextra -g -I ../inc/. -c ft_strrchr.c -o ft_strrchr.o
gcc -Wall -Werror -Wextra -g -I ../inc/. -c ft_isalpha.c -o ft_isalpha.o
gcc -Wall -Werror -Wextra -g -I ../inc/. -c ft_lstclear.c -o ft_lstclear.o
gcc -Wall -Werror -Wextra -g -I ../inc/. -c ft_memcmpi.c -o ft_memcmpi.o
gcc -Wall -Werror -Wextra -g -I ../inc/. -c ft_memccpy.c -o ft_memccpy.o
gcc -Wall -Werror -Wextra -g -I ../inc/. -c ft_putendl_fd.c -o ft_putendl_fd.o
gcc -Wall -Werror -Wextra -g -I ../inc/. -c ft_strlcat.c -o ft_strlcat.o
gcc -Wall -Werror -Wextra -g -I ../inc/. -c ft_strtrim.c -o ft_strtrim.o
gcc -Wall -Werror -Wextra -g -I ../inc/. -c ft_strndup.c -o ft_strndup.o
gcc -Wall -Werror -Wextra -g -I ../inc/. -c ft_isascii.c -o ft_isascii.o
gcc -Wall -Werror -Wextra -g -I ../inc/. -c ft_lstdelone.c -o ft_lstdelone.o
gcc -Wall -Werror -Wextra -g -I ../inc/. -c ft_memchr.c -o ft_memchr.o
 
gcc -Wall -Werror -Wextra -g -I ../inc/. -c ft_putnbr_fd.c -o ft_putnbr_fd.o
gcc -Wall -Werror -Wextra -g -I ../inc/. -c ft_strstrchr.c -o ft_strstrchr.o
gcc -Wall -Werror -Wextra -g -I ../inc/. -c ft_math.c -o ft_math.o
gcc -Wall -Werror -Wextra -g -I ../inc/. -c ft_strlcpy.c -o ft_strlcpy.o
gcc -Wall -Werror -Wextra -g -I ../inc/. -c ft_substr.c -o ft_substr.o
 
gcc -Wall -Werror -Wextra -g -I ../inc/. -c ft_isdigit.c -o ft_isdigit.o
gcc -Wall -Werror -Wextra -g -I ../inc/. -c ft_lstiter.c -o ft_lstiter.o
gcc -Wall -Werror -Wextra -g -I ../inc/. -c ft_memcmp.c -o ft_memcmp.o
gcc -Wall -Werror -Wextra -g -I ../inc/. -c ft_utilities.c -o ft_utilities.o
gcc -Wall -Werror -Wextra -g -I ../inc/. -c ft_putstr_fd.c -o ft_putstr_fd.o
gcc -Wall -Werror -Wextra -g -I ../inc/. -c ft_strlen.c -o ft_strlen.o
gcc -Wall -Werror -Wextra -g -I ../inc/. -c ft_tolower.c -o ft_tolower.o
gcc -Wall -Werror -Wextra -g -I ../inc/. -c ft_putstrn_fd.c -o ft_putstrn_fd.o
gcc -Wall -Werror -Wextra -g -I ../inc/. -c ft_strcmp.c -o ft_strcmp.o
gcc -Wall -Werror -Wextra -g -I ../inc/. -c ft_putnbru_fd.c -o ft_putnbru_fd.o
gcc -Wall -Werror -Wextra -g -I ../inc/. -c ft_itoa_base.c -o ft_itoa_base.o
 
gcc -Wall -Werror -Wextra -g -I ../inc/. -c ft_numlen_base.c -o ft_numlen_base.o
gcc -Wall -Werror -Wextra -g -I ../inc/. -c ft_numlen.c -o ft_numlen.o
gcc -Wall -Werror -Wextra -g -I ../inc/. -c ft_memsetn.c -o ft_memsetn.o
gcc -Wall -Werror -Wextra -g -I ../inc/. -c ft_utoa.c -o ft_utoa.o
gcc -Wall -Werror -Wextra -g -I ../inc/. -c ft_numlenu.c -o ft_numlenu.o
ar rc libft.a ft_atoi.o ft_isprint.o ft_lstlast.o ft_memcpy.o ft_split.o ft_nputnbr_fd.o ft_strmapi.o ft_toupper.o ft_bzero.o ft_itoa.o ft_lstmap.o ft_putstrr_fd.o ft_memmove.o ft_strchr.o ft_strncmp.o ft_calloc.o ft_strnstrchr.o ft_tointarr.o ft_lstadd_back.o ft_lstnew.o ft_memset.o ft_strdup.o ft_strnstr.o ft_isspace.o ft_isalnum.o ft_lstadd_front.o ft_lstsize.o ft_putchar_fd.o ft_putnchar.o ft_strjoin.o ft_strrchr.o ft_isalpha.o ft_lstclear.o ft_memcmpi.o ft_memccpy.o ft_putendl_fd.o ft_strlcat.o ft_strtrim.o ft_strndup.o ft_isascii.o ft_lstdelone.o ft_memchr.o ft_putnbr_fd.o ft_strstrchr.o ft_math.o ft_strlcpy.o ft_substr.o ft_isdigit.o ft_lstiter.o ft_memcmp.o ft_utilities.o ft_putstr_fd.o ft_strlen.o ft_tolower.o ft_putstrn_fd.o ft_strcmp.o ft_putnbru_fd.o ft_itoa_base.o ft_numlen_base.o ft_numlen.o ft_memsetn.o ft_utoa.o ft_numlenu.o
echo "LIBFT compiled"
make[1]: Leaving directory `/Users/aarcelia/42cursus/minishell/libft'
mv ./libft/libft.a ./bin/lib
gcc -D LENCHECK='entry->d_namlen == len && ' -Wall -Werror -Wextra -g3  -I./inc/ -o minishell ./bin/obj/bultins.o ./bin/obj/envp_operations.o ./bin/obj/executor.o ./bin/obj/exit_helper.o ./bin/obj/expander.o ./bin/obj/lexer.o ./bin/obj/main.o ./bin/obj/minishell_gnl.o ./bin/obj/term_gnl.o ./bin/obj/term_main_fun.o ./bin/obj/term_strjoin_for_line.o ./bin/obj/term_strjoin_for_mas.o ./bin/obj/term_up_down_fun.o ./bin/obj/term_work_with_file.o ./bin/obj/work_with_term.o -L./bin/lib/ -lft -ltermcap
echo minishell compiled
make: Leaving directory `/Users/aarcelia/42cursus/minishell'
 
