make all --print-data-base --no-builtin-variables --no-builtin-rules --question
# GNU Make 3.81
# Copyright (C) 2006  Free Software Foundation, Inc.
# This is free software; see the source for copying conditions.
# There is NO warranty; not even for MERCHANTABILITY or FITNESS FOR A
# PARTICULAR PURPOSE.

# This program built for i386-apple-darwin11.3.0
 

# Make data base, printed on Fri May  7 14:52:41 2021

# Variables

# automatic
<D = $(patsubst %/,%,$(dir $<))
# automatic
?F = $(notdir $?)
# makefile (from `variables.mk', line 7)
LFT_DIR := ./libft
# makefile (from `variables.mk', line 29)
IFLAGS = -I$(INC_DIR)/
 
# environment
VSCODE_LOG_NATIVE = false
# automatic
?D = $(patsubst %/,%,$(dir $?))
# automatic
@D = $(patsubst %/,%,$(dir $@))
# automatic
@F = $(notdir $@)
# makefile
CURDIR := /Users/aarcelia/42cursus/minishell
# makefile
SHELL = /bin/sh
# environment
VSCODE_NLS_CONFIG = {"locale":"en-us","availableLanguages":{},"_languagePackSupport":true}
# environment
_ = /usr/bin/make
# makefile (from `variables.mk', line 28)
CFLAGS = -D LENCHECK='entry->d_namlen == len && ' -Wall -Werror -Wextra -g3 
# makefile (from `variables.mk', line 1)
MAKEFILE_LIST :=  Makefile variables.mk
# makefile (from `variables.mk', line 5)
LIB_DIR := ./bin/lib
# makefile (from `variables.mk', line 33)
SRCS := bultins.c envp_operations.c executor.c exit_helper.c expander.c lexer.c main.c minishell_gnl.c term_gnl.c term_main_fun.c term_strjoin_for_line.c term_strjoin_for_mas.c term_up_down_fun.c term_work_with_file.c work_with_term.c
# environment
VSCODE_NODE_CACHED_DATA_DIR = /Users/aarcelia/Library/Application Support/Code/CachedData/3c4e3df9e89829dce27b7b5c24508306b151f30d
# makefile (from `variables.mk', line 6)
OBJ_DIR := ./bin/obj
# environment
VSCODE_VERBOSE_LOGGING = true
# makefile (from `variables.mk', line 36)
OBJS = $(addprefix $(OBJ_DIR)/, $(SRCS:.c=.o))
# environment
P9K_SSH = 0
# environment
VSCODE_IPC_HOOK_EXTHOST = /var/folders/zz/zyxvpxvq6csfxvn_n003vdpm00yvdn/T/vscode-ipc-d401a736-5cee-460b-9097-d910591a8937.sock
# environment
VSCODE_CWD = /
# environment
Apple_PubSub_Socket_Render = /private/tmp/com.apple.launchd.pdYtneoSN8/Render
# environment
PATH = /Users/aarcelia/.brew/bin:/usr/local/bin:/usr/bin:/bin:/usr/sbin:/sbin:/usr/local/munki:/Applications/Visual Studio Code.app/Contents/Resources/app/bin
# makefile (from `variables.mk', line 9)
OS_NAME := darwin
# environment
LSCOLORS = Gxfxcxdxbxegedabagacad
# makefile (from `variables.mk', line 4)
BIN_DIR := ./bin
# environment
VSCODE_LOG_STACK = false
# environment
ELECTRON_RUN_AS_NODE = 1
# default
.FEATURES := target-specific order-only second-expansion else-if archives jobserver check-symlink
# environment
SSH_AUTH_SOCK = /private/tmp/com.apple.launchd.tRaPbdcWCb/Listeners
# automatic
%F = $(notdir $%)
# environment
HOMEBREW_TEMP = /tmp/aarcelia/Homebrew/Temp
# environment
VSCODE_PIPE_LOGGING = true
# environment
PWD = /Users/aarcelia/42cursus/minishell
# environment
ORIGINAL_XDG_CURRENT_DESKTOP = undefined
# makefile (from `variables.mk', line 2)
INC_DIR := ./inc
# environment
VSCODE_AMD_ENTRYPOINT = vs/workbench/services/extensions/node/extensionHostProcess
# environment
HOME = /Users/aarcelia
# default
MAKEFILEPATH := /Applications/Xcode.app/Contents/Developer/Makefiles
# environment
LOGNAME = aarcelia
# environment
APPLICATION_INSIGHTS_NO_DIAGNOSTIC_CHANNEL = true
# makefile (from `variables.mk', line 24)
HEADERS := ./inc/error_management.h ./inc/executor.h ./inc/expander.h ./inc/gnl.h ./inc/libft.h ./inc/minishell.h ./inc/minishell_structs.h ./inc/termcap.h
# environment
ZSH = /Users/aarcelia/.oh-my-zsh
# environment
VSCODE_HANDLES_UNCAUGHT_ERRORS = true
# automatic
^D = $(patsubst %/,%,$(dir $^))
# environment
XPC_FLAGS = 0x0
# default
MAKE = $(MAKE_COMMAND)
# default
MAKECMDGOALS := all
# environment
HOMEBREW_CACHE = /tmp/aarcelia/Homebrew/Caches
# environment
SHLVL = 1
# makefile (from `variables.mk', line 27)
CC := gcc
# default
MAKE_VERSION := 3.81
# environment
USER = aarcelia
# makefile
.DEFAULT_GOAL := all
# makefile (from `Makefile', line 1)
NAME := minishell
# environment
LESS = -R
# automatic
%D = $(patsubst %/,%,$(dir $%))
# makefile (from `variables.mk', line 14)
LFLAGS := -L./bin/lib/ -lft -ltermcap
# default
MAKE_COMMAND := /Applications/Xcode.app/Contents/Developer/usr/bin/make
# default
.VARIABLES := 
# environment
TMPDIR = /var/folders/zz/zyxvpxvq6csfxvn_n003vdpm00yvdn/T/
# automatic
*F = $(notdir $*)
# environment
VSCODE_IPC_HOOK = /Users/aarcelia/Library/Application Support/Code/1.55.2-main.sock
# makefile
MAKEFLAGS = Rrqp
# environment
MFLAGS = -Rrqp
# automatic
*D = $(patsubst %/,%,$(dir $*))
# environment
XPC_SERVICE_NAME = com.apple.xpc.launchd.oneshot.0x10000002.Electron
# automatic
+D = $(patsubst %/,%,$(dir $+))
# automatic
+F = $(notdir $+)
# environment
__CF_USER_TEXT_ENCODING = 0xF6DB5:0x0:0x0
# environment
COMMAND_MODE = unix2003
# default
MAKEFILES := 
# makefile (from `variables.mk', line 3)
SRC_DIR := ./src
# automatic
<F = $(notdir $<)
# environment
PAGER = less
# environment
LC_ALL = C
# environment
SECURITYSESSIONID = 186a8
# automatic
^F = $(notdir $^)
# makefile (from `variables.mk', line 34)
SRC_FILES := ./src/bultins.c ./src/envp_operations.c ./src/executor.c ./src/exit_helper.c ./src/expander.c ./src/lexer.c ./src/main.c ./src/minishell_gnl.c ./src/term_gnl.c ./src/term_main_fun.c ./src/term_strjoin_for_line.c ./src/term_strjoin_for_mas.c ./src/term_up_down_fun.c ./src/term_work_with_file.c ./src/work_with_term.c
# default
SUFFIXES := 
# default
.INCLUDE_DIRS = /usr/local/include
# makefile (from `variables.mk', line 23)
H_FILES := error_management.h executor.h expander.h gnl.h libft.h minishell.h minishell_structs.h termcap.h
# environment
MAKELEVEL := 0
# environment
LANG = C
# environment
VSCODE_PID = 8867
# variable set hash-table stats:
# Load=87/1024=8%, Rehash=0, Collisions=15/156=10%

# Pattern-specific Variable Values

# No pattern-specific variable values.

# Directories

# . (device 16777227, inode 1686365): 23 files, no impossibilities.

# 23 files, no impossibilities in 1 directories.

# Implicit Rules

bin/obj/%.o: ./src/%.c ./inc/error_management.h ./inc/executor.h ./inc/expander.h ./inc/gnl.h ./inc/libft.h ./inc/minishell.h ./inc/minishell_structs.h ./inc/termcap.h
#  commands to execute (from `Makefile', line 12):
	$(CC) $(CFLAGS) $(IFLAGS) -c $< -o ${<$(OBJ_DIR)/%.o: $(SRC_DIR)/%.c} $@
	

# 1 implicit rules, 0 (0.0%) terminal.

# Files

debugsetup: dclean
#  Implicit rule search has not been done.
#  Modification time never checked.
#  File has not been updated.
#  commands to execute (from `Makefile', line 42):
	@tput clear && tput bold && tput setaf 1
	@echo "*********BEGIN DEBUG*********"
	@tput sgr 0
	

# Not a target:
inc/executor.h:
#  Implicit rule search has been done.
#  Last modified 2021-05-07 13:53:51
#  File has been updated.
#  Successfully updated.
# variable set hash-table stats:
# Load=0/32=0%, Rehash=0, Collisions=0/0=0%

cleanlib:
#  Implicit rule search has not been done.
#  Modification time never checked.
#  File has not been updated.
#  commands to execute (from `Makefile', line 25):
	/bin/rm -f $(LIB_DIR)/*.a
	

# Not a target:
src/expander.c:
#  Implicit rule search has not been done.
#  Modification time never checked.
#  File has not been updated.

# Not a target:
inc/error_management.h:
#  Implicit rule search has been done.
#  Last modified 2021-04-30 15:23:34
#  File has been updated.
#  Successfully updated.
# variable set hash-table stats:
# Load=0/32=0%, Rehash=0, Collisions=0/0=0%

all: minishell
#  Phony target (prerequisite of .PHONY).
#  Command-line target.
#  Implicit rule search has not been done.
#  File does not exist.
#  File has been updated.
#  Needs to be updated (-q is set).
# variable set hash-table stats:
# Load=0/32=0%, Rehash=0, Collisions=0/9=0%

n: norm norminc
#  Implicit rule search has not been done.
#  Modification time never checked.
#  File has not been updated.

# Not a target:
src/term_up_down_fun.c:
#  Implicit rule search has not been done.
#  Modification time never checked.
#  File has not been updated.

bin/obj/term_strjoin_for_mas.o: src/term_strjoin_for_mas.c inc/error_management.h inc/executor.h inc/expander.h inc/gnl.h inc/libft.h inc/minishell.h inc/minishell_structs.h inc/termcap.h
#  Implicit rule search has not been done.
#  Implicit/static pattern stem: `term_strjoin_for_mas'
#  Modification time never checked.
#  File has not been updated.
#  commands to execute (from `Makefile', line 10):
	$(CC) $(CFLAGS) $(IFLAGS) -c $< -o ${<$(OBJ_DIR)/%.o: $(SRC_DIR)/%.c} $@
	

.PHONY: all clean fclean re
#  Implicit rule search has not been done.
#  Modification time never checked.
#  File has not been updated.

 
bin/obj/term_main_fun.o: src/term_main_fun.c inc/error_management.h inc/executor.h inc/expander.h inc/gnl.h inc/libft.h inc/minishell.h inc/minishell_structs.h inc/termcap.h
#  Implicit rule search has not been done.
#  Implicit/static pattern stem: `term_main_fun'
#  Modification time never checked.
#  File has not been updated.
#  commands to execute (from `Makefile', line 10):
	$(CC) $(CFLAGS) $(IFLAGS) -c $< -o ${<$(OBJ_DIR)/%.o: $(SRC_DIR)/%.c} $@
	

bin/obj/executor.o: src/executor.c inc/error_management.h inc/executor.h inc/expander.h inc/gnl.h inc/libft.h inc/minishell.h inc/minishell_structs.h inc/termcap.h
#  Implicit rule search has not been done.
#  Implicit/static pattern stem: `executor'
#  Modification time never checked.
#  File has not been updated.
#  commands to execute (from `Makefile', line 10):
	$(CC) $(CFLAGS) $(IFLAGS) -c $< -o ${<$(OBJ_DIR)/%.o: $(SRC_DIR)/%.c} $@
	

bin/obj/term_gnl.o: src/term_gnl.c inc/error_management.h inc/executor.h inc/expander.h inc/gnl.h inc/libft.h inc/minishell.h inc/minishell_structs.h inc/termcap.h
#  Implicit rule search has not been done.
#  Implicit/static pattern stem: `term_gnl'
#  Modification time never checked.
#  File has not been updated.
#  commands to execute (from `Makefile', line 10):
	$(CC) $(CFLAGS) $(IFLAGS) -c $< -o ${<$(OBJ_DIR)/%.o: $(SRC_DIR)/%.c} $@
	

# Not a target:
src/term_work_with_file.c:
#  Implicit rule search has not been done.
#  Modification time never checked.
#  File has not been updated.

bin/obj/main.o: src/main.c inc/error_management.h inc/executor.h inc/expander.h inc/gnl.h inc/libft.h inc/minishell.h inc/minishell_structs.h inc/termcap.h
#  Implicit rule search has not been done.
#  Implicit/static pattern stem: `main'
#  Modification time never checked.
#  File has not been updated.
#  commands to execute (from `Makefile', line 10):
	$(CC) $(CFLAGS) $(IFLAGS) -c $< -o ${<$(OBJ_DIR)/%.o: $(SRC_DIR)/%.c} $@
	

# Not a target:
.SUFFIXES:
#  Implicit rule search has not been done.
#  Modification time never checked.
#  File has not been updated.

# Not a target:
Makefile:
#  Implicit rule search has been done.
#  Last modified 2021-04-30 15:23:34
#  File has been updated.
#  Successfully updated.
# variable set hash-table stats:
# Load=0/32=0%, Rehash=0, Collisions=0/0=0%

ca: cleanall
#  Implicit rule search has not been done.
#  Modification time never checked.
#  File has not been updated.

debug: a.out
#  Implicit rule search has not been done.
#  Modification time never checked.
#  File has not been updated.

bin/obj/lexer.o: src/lexer.c inc/error_management.h inc/executor.h inc/expander.h inc/gnl.h inc/libft.h inc/minishell.h inc/minishell_structs.h inc/termcap.h
#  Implicit rule search has not been done.
#  Implicit/static pattern stem: `lexer'
#  Modification time never checked.
#  File has not been updated.
#  commands to execute (from `Makefile', line 10):
	$(CC) $(CFLAGS) $(IFLAGS) -c $< -o ${<$(OBJ_DIR)/%.o: $(SRC_DIR)/%.c} $@
	

# Not a target:
src/exit_helper.c:
#  Implicit rule search has not been done.
#  Modification time never checked.
#  File has not been updated.

bin/obj/bultins.o: src/bultins.c inc/error_management.h inc/executor.h inc/expander.h inc/gnl.h inc/libft.h inc/minishell.h inc/minishell_structs.h inc/termcap.h
#  Implicit rule search has not been done.
#  Implicit/static pattern stem: `bultins'
#  Last modified 2021-05-07 13:26:04
#  File has been updated.
#  Needs to be updated (-q is set).
# automatic
# @ := bin/obj/bultins.o
# automatic
# % := 
# automatic
# * := bultins
# automatic
# + := src/bultins.c inc/error_management.h inc/executor.h inc/expander.h inc/gnl.h inc/libft.h inc/minishell.h inc/minishell_structs.h inc/termcap.h
# automatic
# | := 
# automatic
# < := src/bultins.c
# automatic
# ^ := src/bultins.c inc/error_management.h inc/executor.h inc/expander.h inc/gnl.h inc/libft.h inc/minishell.h inc/minishell_structs.h inc/termcap.h
# automatic
# ? := inc/executor.h
# variable set hash-table stats:
# Load=8/32=25%, Rehash=0, Collisions=2/19=11%
#  commands to execute (from `Makefile', line 10):
	$(CC) $(CFLAGS) $(IFLAGS) -c $< -o ${<$(OBJ_DIR)/%.o: $(SRC_DIR)/%.c} $@
	

# Not a target:
inc/gnl.h:
#  Implicit rule search has been done.
#  Last modified 2021-04-27 11:45:38
#  File has been updated.
#  Successfully updated.
# variable set hash-table stats:
# Load=0/32=0%, Rehash=0, Collisions=0/0=0%

# Not a target:
inc/termcap.h:
#  Implicit rule search has been done.
#  Last modified 2021-05-07 11:02:05
#  File has been updated.
#  Successfully updated.
# variable set hash-table stats:
# Load=0/32=0%, Rehash=0, Collisions=0/0=0%

bin/obj/work_with_term.o: src/work_with_term.c inc/error_management.h inc/executor.h inc/expander.h inc/gnl.h inc/libft.h inc/minishell.h inc/minishell_structs.h inc/termcap.h
#  Implicit rule search has not been done.
#  Implicit/static pattern stem: `work_with_term'
#  Modification time never checked.
#  File has not been updated.
#  commands to execute (from `Makefile', line 10):
	$(CC) $(CFLAGS) $(IFLAGS) -c $< -o ${<$(OBJ_DIR)/%.o: $(SRC_DIR)/%.c} $@
	

# Not a target:
src/term_strjoin_for_mas.c:
#  Implicit rule search has not been done.
#  Modification time never checked.
#  File has not been updated.

# Not a target:
src/term_main_fun.c:
#  Implicit rule search has not been done.
#  Modification time never checked.
#  File has not been updated.

# Not a target:
src/executor.c:
#  Implicit rule search has not been done.
#  Modification time never checked.
#  File has not been updated.

a.out:
#  Implicit rule search has not been done.
#  Modification time never checked.
#  File has not been updated.
#  commands to execute (from `Makefile', line 47):
	$(CC) $(CFLAGS) $(IFLAGS) $(SRC_FILES) $(LFLAGS)
	

# Not a target:
src/term_gnl.c:
#  Implicit rule search has not been done.
#  Modification time never checked.
#  File has not been updated.

minishell: bin/obj/bultins.o bin/obj/envp_operations.o bin/obj/executor.o bin/obj/exit_helper.o bin/obj/expander.o bin/obj/lexer.o bin/obj/main.o bin/obj/minishell_gnl.o bin/obj/term_gnl.o bin/obj/term_main_fun.o bin/obj/term_strjoin_for_line.o bin/obj/term_strjoin_for_mas.o bin/obj/term_up_down_fun.o bin/obj/term_work_with_file.o bin/obj/work_with_term.o
#  Implicit rule search has not been done.
#  Last modified 2021-05-07 13:26:06
#  File has been updated.
#  Needs to be updated (-q is set).
# variable set hash-table stats:
# Load=0/32=0%, Rehash=0, Collisions=0/9=0%
#  commands to execute (from `Makefile', line 16):
	@$(MAKE) -j 6 -C $(LFT_DIR)/
	@mv $(LFT_DIR)/libft.a $(LIB_DIR)
	$(CC) $(CFLAGS) $(IFLAGS) -o $(NAME) $(OBJS) $(LFLAGS)
	@echo ${NAME} compiled
	

dclean:
#  Implicit rule search has not been done.
#  Modification time never checked.
#  File has not been updated.
#  commands to execute (from `Makefile', line 38):
	/bin/rm -rf 'a.out.dSYM'
	/bin/rm -f 'a.out'
	

# Not a target:
variables.mk:
#  Implicit rule search has been done.
#  Last modified 2021-04-30 15:23:34
#  File has been updated.
#  Successfully updated.
# variable set hash-table stats:
# Load=0/32=0%, Rehash=0, Collisions=0/0=0%

fclean: clean
#  Phony target (prerequisite of .PHONY).
#  Implicit rule search has not been done.
#  File does not exist.
#  File has not been updated.
#  commands to execute (from `Makefile', line 32):
	/bin/rm -f $(NAME)
	

# Not a target:
src/main.c:
#  Implicit rule search has not been done.
#  Modification time never checked.
#  File has not been updated.

norm:
#  Implicit rule search has not been done.
#  Modification time never checked.
#  File has not been updated.
#  commands to execute (from `Makefile', line 53):
	@make norm -C $(LFT_DIR)
	@norminette ${SRC_FILES} | grep --color -E '^|Error'
	

# Not a target:
src/lexer.c:
#  Implicit rule search has not been done.
#  Modification time never checked.
#  File has not been updated.

# Not a target:
src/bultins.c:
#  Implicit rule search has been done.
#  Last modified 2021-05-03 16:56:26
#  File has been updated.
#  Successfully updated.
# variable set hash-table stats:
# Load=0/32=0%, Rehash=0, Collisions=0/0=0%

# Not a target:
inc/libft.h:
 
#  Implicit rule search has been done.
#  Last modified 2021-04-30 15:23:34
#  File has been updated.
#  Successfully updated.
# variable set hash-table stats:
# Load=0/32=0%, Rehash=0, Collisions=0/0=0%

# Not a target:
.DEFAULT:
#  Implicit rule search has not been done.
#  Modification time never checked.
#  File has not been updated.

bin/obj/term_strjoin_for_line.o: src/term_strjoin_for_line.c inc/error_management.h inc/executor.h inc/expander.h inc/gnl.h inc/libft.h inc/minishell.h inc/minishell_structs.h inc/termcap.h
#  Implicit rule search has not been done.
#  Implicit/static pattern stem: `term_strjoin_for_line'
#  Modification time never checked.
#  File has not been updated.
#  commands to execute (from `Makefile', line 10):
	$(CC) $(CFLAGS) $(IFLAGS) -c $< -o ${<$(OBJ_DIR)/%.o: $(SRC_DIR)/%.c} $@
	

bin/obj/envp_operations.o: src/envp_operations.c inc/error_management.h inc/executor.h inc/expander.h inc/gnl.h inc/libft.h inc/minishell.h inc/minishell_structs.h inc/termcap.h
#  Implicit rule search has not been done.
#  Implicit/static pattern stem: `envp_operations'
#  Modification time never checked.
#  File has not been updated.
#  commands to execute (from `Makefile', line 10):
	$(CC) $(CFLAGS) $(IFLAGS) -c $< -o ${<$(OBJ_DIR)/%.o: $(SRC_DIR)/%.c} $@
	

# Not a target:
src/work_with_term.c:
#  Implicit rule search has not been done.
#  Modification time never checked.
#  File has not been updated.

re: fclean all
#  Phony target (prerequisite of .PHONY).
#  Implicit rule search has not been done.
#  File does not exist.
#  File has not been updated.

clean:
#  Phony target (prerequisite of .PHONY).
#  Implicit rule search has not been done.
#  File does not exist.
#  File has not been updated.
#  commands to execute (from `Makefile', line 28):
	@make clean -C $(LFT_DIR)
	/bin/rm -f $(OBJS)
	

# Not a target:
inc/minishell_structs.h:
#  Implicit rule search has been done.
#  Last modified 2021-05-07 11:55:29
#  File has been updated.
#  Successfully updated.
# variable set hash-table stats:
# Load=0/32=0%, Rehash=0, Collisions=0/0=0%

bin/obj/minishell_gnl.o: src/minishell_gnl.c inc/error_management.h inc/executor.h inc/expander.h inc/gnl.h inc/libft.h inc/minishell.h inc/minishell_structs.h inc/termcap.h
#  Implicit rule search has not been done.
#  Implicit/static pattern stem: `minishell_gnl'
#  Modification time never checked.
#  File has not been updated.
#  commands to execute (from `Makefile', line 10):
	$(CC) $(CFLAGS) $(IFLAGS) -c $< -o ${<$(OBJ_DIR)/%.o: $(SRC_DIR)/%.c} $@
	

# Not a target:
inc/expander.h:
#  Implicit rule search has been done.
#  Last modified 2021-04-30 15:23:34
#  File has been updated.
#  Successfully updated.
# variable set hash-table stats:
# Load=0/32=0%, Rehash=0, Collisions=0/0=0%

# Not a target:
inc/minishell.h:
#  Implicit rule search has been done.
#  Last modified 2021-04-30 15:23:34
#  File has been updated.
#  Successfully updated.
# variable set hash-table stats:
# Load=0/32=0%, Rehash=0, Collisions=0/0=0%

bin/obj/expander.o: src/expander.c inc/error_management.h inc/executor.h inc/expander.h inc/gnl.h inc/libft.h inc/minishell.h inc/minishell_structs.h inc/termcap.h
#  Implicit rule search has not been done.
#  Implicit/static pattern stem: `expander'
#  Modification time never checked.
#  File has not been updated.
#  commands to execute (from `Makefile', line 10):
	$(CC) $(CFLAGS) $(IFLAGS) -c $< -o ${<$(OBJ_DIR)/%.o: $(SRC_DIR)/%.c} $@
	

# Not a target:
src/term_strjoin_for_line.c:
#  Implicit rule search has not been done.
#  Modification time never checked.
#  File has not been updated.

# Not a target:
src/envp_operations.c:
#  Implicit rule search has not been done.
#  Modification time never checked.
#  File has not been updated.

bin/obj/term_up_down_fun.o: src/term_up_down_fun.c inc/error_management.h inc/executor.h inc/expander.h inc/gnl.h inc/libft.h inc/minishell.h inc/minishell_structs.h inc/termcap.h
#  Implicit rule search has not been done.
#  Implicit/static pattern stem: `term_up_down_fun'
#  Modification time never checked.
#  File has not been updated.
#  commands to execute (from `Makefile', line 10):
	$(CC) $(CFLAGS) $(IFLAGS) -c $< -o ${<$(OBJ_DIR)/%.o: $(SRC_DIR)/%.c} $@
	

norminc:
#  Implicit rule search has not been done.
#  Modification time never checked.
#  File has not been updated.
#  commands to execute (from `Makefile', line 57):
	@norminette ${HEADERS} | grep --color -E '^|Error'
	

cleanall: fclean dclean
#  Implicit rule search has not been done.
#  Modification time never checked.
#  File has not been updated.

bin/obj/exit_helper.o: src/exit_helper.c inc/error_management.h inc/executor.h inc/expander.h inc/gnl.h inc/libft.h inc/minishell.h inc/minishell_structs.h inc/termcap.h
#  Implicit rule search has not been done.
#  Implicit/static pattern stem: `exit_helper'
#  Modification time never checked.
#  File has not been updated.
#  commands to execute (from `Makefile', line 10):
	$(CC) $(CFLAGS) $(IFLAGS) -c $< -o ${<$(OBJ_DIR)/%.o: $(SRC_DIR)/%.c} $@
	

bin/obj/term_work_with_file.o: src/term_work_with_file.c inc/error_management.h inc/executor.h inc/expander.h inc/gnl.h inc/libft.h inc/minishell.h inc/minishell_structs.h inc/termcap.h
#  Implicit rule search has not been done.
#  Implicit/static pattern stem: `term_work_with_file'
#  Modification time never checked.
#  File has not been updated.
#  commands to execute (from `Makefile', line 10):
	$(CC) $(CFLAGS) $(IFLAGS) -c $< -o ${<$(OBJ_DIR)/%.o: $(SRC_DIR)/%.c} $@
	

# Not a target:
src/minishell_gnl.c:
#  Implicit rule search has not been done.
#  Modification time never checked.
#  File has not been updated.

# files hash-table stats:
# Load=58/1024=6%, Rehash=0, Collisions=3/237=1%
# VPATH Search Paths

# No `vpath' search paths.

# No general (`VPATH' variable) search path.

# # of strings in strcache: 2
# # of strcache buffers: 1
# strcache size: total = 4096 / max = 4096 / min = 4096 / avg = 4096
# strcache free: total = 4074 / max = 4074 / min = 4074 / avg = 4074

# Finished Make data base on Fri May  7 14:52:41 2021

 
